<?xml version="1.0" encoding="UTF-8"?>
<!-- Generated by org.testng.reporters.JUnitReportReporter -->
<testsuite skipped="0" hostname="DESKTOP-HHTVT6U" name="com.crm.qa.testcases.NewContactPageTest" tests="2" failures="0" timestamp="24 Aug 2018 00:00:18 GMT" time="66.108" errors="0">
  <testcase name="testCreateContact" time="32.493" classname="com.crm.qa.testcases.NewContactPageTest"/>
  <testcase name="testCreateContact" time="33.615" classname="com.crm.qa.testcases.NewContactPageTest"/>
</testsuite> <!-- com.crm.qa.testcases.NewContactPageTest -->
