<?xml version="1.0" encoding="UTF-8"?>
<!-- Generated by org.testng.reporters.JUnitReportReporter -->
<testsuite skipped="0" hostname="DESKTOP-HHTVT6U" name="com.crm.qa.testcases.LoginPageTest" tests="3" failures="0" timestamp="09 Aug 2018 19:35:33 GMT" time="55.679" errors="0">
  <testcase name="testLoginPageTitle" time="10.785" classname="com.crm.qa.testcases.LoginPageTest"/>
  <testcase name="testLogo" time="11.247" classname="com.crm.qa.testcases.LoginPageTest"/>
  <testcase name="login" time="33.647" classname="com.crm.qa.testcases.LoginPageTest"/>
</testsuite> <!-- com.crm.qa.testcases.LoginPageTest -->
