<?xml version="1.0" encoding="UTF-8"?>
<!-- Generated by org.testng.reporters.JUnitReportReporter -->
<testsuite skipped="0" hostname="DESKTOP-HHTVT6U" name="com.crm.qa.testcases.HomePageTest" tests="4" failures="0" timestamp="23 Aug 2018 00:07:12 GMT" time="138.171" errors="0">
  <testcase name="validatelogo" time="28.470" classname="com.crm.qa.testcases.HomePageTest"/>
  <testcase name="validateUser" time="34.152" classname="com.crm.qa.testcases.HomePageTest"/>
  <testcase name="userTextTest" time="31.633" classname="com.crm.qa.testcases.HomePageTest"/>
  <testcase name="newContactClickTest" time="43.916" classname="com.crm.qa.testcases.HomePageTest"/>
</testsuite> <!-- com.crm.qa.testcases.HomePageTest -->
